{
  "stats": {
    "suites": 5,
    "tests": 4,
    "passes": 4,
    "pending": 0,
    "failures": 0,
    "start": "2024-06-09T16:57:37.138Z",
    "end": "2024-06-09T16:57:40.602Z",
    "duration": 3464,
    "testsRegistered": 4,
    "passPercent": 100,
    "pendingPercent": 0,
    "other": 0,
    "hasOther": false,
    "skipped": 0,
    "hasSkipped": false
  },
  "results": [
    {
      "uuid": "5f84b572-87c2-406f-9557-3347203b6ac3",
      "title": "",
      "fullFile": "/Users/user/ReqresAPI/test/additionalTests.js",
      "file": "/test/additionalTests.js",
      "beforeHooks": [],
      "afterHooks": [],
      "tests": [],
      "suites": [
        {
          "uuid": "df91f8ef-664e-4e17-8dc4-5c82d095c0fb",
          "title": "Additional ReqRes API Tests",
          "fullFile": "/Users/user/ReqresAPI/test/additionalTests.js",
          "file": "/test/additionalTests.js",
          "beforeHooks": [],
          "afterHooks": [],
          "tests": [],
          "suites": [
            {
              "uuid": "8de436bb-90c7-4b63-b781-22728251472b",
              "title": "GET /users/:id",
              "fullFile": "/Users/user/ReqresAPI/test/additionalTests.js",
              "file": "/test/additionalTests.js",
              "beforeHooks": [],
              "afterHooks": [],
              "tests": [
                {
                  "title": "should fetch a single user by ID",
                  "fullTitle": "Additional ReqRes API Tests GET /users/:id should fetch a single user by ID",
                  "timedOut": false,
                  "duration": 460,
                  "state": "passed",
                  "speed": "slow",
                  "pass": true,
                  "fail": false,
                  "pending": false,
                  "context": null,
                  "code": "const response = await request(BASE_URL)\n    .get('/users/2');\nexpect(response.status).to.equal(200);\nexpect(response.body).to.have.property('data');\nexpect(response.body.data).to.have.property('id', 2);",
                  "err": {},
                  "uuid": "f87b167f-a6bb-4df7-8ed0-fb1974d25f65",
                  "parentUUID": "8de436bb-90c7-4b63-b781-22728251472b",
                  "isHook": false,
                  "skipped": false
                }
              ],
              "suites": [],
              "passes": [
                "f87b167f-a6bb-4df7-8ed0-fb1974d25f65"
              ],
              "failures": [],
              "pending": [],
              "skipped": [],
              "duration": 460,
              "root": false,
              "rootEmpty": false,
              "_timeout": 2000
            },
            {
              "uuid": "f3a2471c-afb6-4164-877b-960f85444fd3",
              "title": "PUT /users/:id",
              "fullFile": "/Users/user/ReqresAPI/test/additionalTests.js",
              "file": "/test/additionalTests.js",
              "beforeHooks": [],
              "afterHooks": [],
              "tests": [
                {
                  "title": "should update a user by ID",
                  "fullTitle": "Additional ReqRes API Tests PUT /users/:id should update a user by ID",
                  "timedOut": false,
                  "duration": 901,
                  "state": "passed",
                  "speed": "slow",
                  "pass": true,
                  "fail": false,
                  "pending": false,
                  "context": null,
                  "code": "const user = {\n    name: 'morpheus',\n    job: 'zion resident'\n};\nconst response = await request(BASE_URL)\n    .put('/users/2')\n    .send(user);\nexpect(response.status).to.equal(200);\nexpect(response.body).to.have.property('name', 'morpheus');\nexpect(response.body).to.have.property('job', 'zion resident');",
                  "err": {},
                  "uuid": "72841ee9-3b87-47d5-92a9-eea70620b1f3",
                  "parentUUID": "f3a2471c-afb6-4164-877b-960f85444fd3",
                  "isHook": false,
                  "skipped": false
                }
              ],
              "suites": [],
              "passes": [
                "72841ee9-3b87-47d5-92a9-eea70620b1f3"
              ],
              "failures": [],
              "pending": [],
              "skipped": [],
              "duration": 901,
              "root": false,
              "rootEmpty": false,
              "_timeout": 2000
            },
            {
              "uuid": "3e75a8c8-ebf5-46bb-9112-2b85e48210d7",
              "title": "PATCH /users/:id",
              "fullFile": "/Users/user/ReqresAPI/test/additionalTests.js",
              "file": "/test/additionalTests.js",
              "beforeHooks": [],
              "afterHooks": [],
              "tests": [
                {
                  "title": "should partially update a user by ID",
                  "fullTitle": "Additional ReqRes API Tests PATCH /users/:id should partially update a user by ID",
                  "timedOut": false,
                  "duration": 1052,
                  "state": "passed",
                  "speed": "slow",
                  "pass": true,
                  "fail": false,
                  "pending": false,
                  "context": null,
                  "code": "const user = {\n    job: 'zion resident'\n};\nconst response = await request(BASE_URL)\n    .patch('/users/2')\n    .send(user);\nexpect(response.status).to.equal(200);\nexpect(response.body).to.have.property('job', 'zion resident');",
                  "err": {},
                  "uuid": "53acac36-5932-4dbf-b69f-628e8204a393",
                  "parentUUID": "3e75a8c8-ebf5-46bb-9112-2b85e48210d7",
                  "isHook": false,
                  "skipped": false
                }
              ],
              "suites": [],
              "passes": [
                "53acac36-5932-4dbf-b69f-628e8204a393"
              ],
              "failures": [],
              "pending": [],
              "skipped": [],
              "duration": 1052,
              "root": false,
              "rootEmpty": false,
              "_timeout": 2000
            },
            {
              "uuid": "faf426a8-5bdf-446d-a927-fb6bad062294",
              "title": "DELETE /users/:id",
              "fullFile": "/Users/user/ReqresAPI/test/additionalTests.js",
              "file": "/test/additionalTests.js",
              "beforeHooks": [],
              "afterHooks": [],
              "tests": [
                {
                  "title": "should delete a user by ID",
                  "fullTitle": "Additional ReqRes API Tests DELETE /users/:id should delete a user by ID",
                  "timedOut": false,
                  "duration": 1038,
                  "state": "passed",
                  "speed": "slow",
                  "pass": true,
                  "fail": false,
                  "pending": false,
                  "context": null,
                  "code": "const response = await request(BASE_URL)\n    .delete('/users/2');\nexpect(response.status).to.equal(204);",
                  "err": {},
                  "uuid": "777f7715-0412-4f57-8c2d-b7c48508d1a9",
                  "parentUUID": "faf426a8-5bdf-446d-a927-fb6bad062294",
                  "isHook": false,
                  "skipped": false
                }
              ],
              "suites": [],
              "passes": [
                "777f7715-0412-4f57-8c2d-b7c48508d1a9"
              ],
              "failures": [],
              "pending": [],
              "skipped": [],
              "duration": 1038,
              "root": false,
              "rootEmpty": false,
              "_timeout": 2000
            }
          ],
          "passes": [],
          "failures": [],
          "pending": [],
          "skipped": [],
          "duration": 0,
          "root": false,
          "rootEmpty": false,
          "_timeout": 2000
        }
      ],
      "passes": [],
      "failures": [],
      "pending": [],
      "skipped": [],
      "duration": 0,
      "root": true,
      "rootEmpty": true,
      "_timeout": 2000
    }
  ],
  "meta": {
    "mocha": {
      "version": "10.4.0"
    },
    "mochawesome": {
      "options": {
        "quiet": false,
        "reportFilename": "mochawesome",
        "saveHtml": true,
        "saveJson": true,
        "consoleReporter": "spec",
        "useInlineDiffs": false,
        "code": true
      },
      "version": "7.1.3"
    },
    "marge": {
      "options": null,
      "version": "6.2.0"
    }
  }
}